{
  "stats": {
    "suites": 1,
    "tests": 1,
    "passes": 1,
    "pending": 0,
    "failures": 0,
    "testsRegistered": 1,
    "passPercent": 100,
    "pendingPercent": 0,
    "other": 0,
    "hasOther": false,
    "skipped": 0,
    "hasSkipped": false,
    "start": "2025-04-04T10:58:46.486Z",
    "end": "2025-04-04T10:58:50.098Z",
    "duration": 3612
  },
  "results": [
    {
      "uuid": "61210842-7108-4f81-8107-32321d75f311",
      "title": "",
      "fullFile": "cypress\\e2e\\dashboard\\dashboard.smoke.js",
      "file": "cypress\\e2e\\dashboard\\dashboard.smoke.js",
      "beforeHooks": [],
      "afterHooks": [],
      "tests": [],
      "suites": [
        {
          "uuid": "a7957f75-d6c7-4ce6-9430-1457b249b8fe",
          "title": "Dashboard Test",
          "fullFile": "cypress\\e2e\\dashboard\\dashboard.smoke.js",
          "file": "cypress\\e2e\\dashboard\\dashboard.smoke.js",
          "beforeHooks": [],
          "afterHooks": [],
          "tests": [
            {
              "title": "Check first price",
              "fullTitle": "Dashboard Test Check first price",
              "timedOut": null,
              "duration": 3585,
              "state": "passed",
              "speed": "fast",
              "pass": true,
              "fail": false,
              "pending": false,
              "context": null,
              "code": "cy.login();\ndashboardPage.checkFirstPrice();",
              "err": {},
              "uuid": "2dc3815d-5af6-49bf-bbb9-1ab44e2db676",
              "parentUUID": "a7957f75-d6c7-4ce6-9430-1457b249b8fe",
              "isHook": false,
              "skipped": false
            }
          ],
          "suites": [],
          "passes": ["2dc3815d-5af6-49bf-bbb9-1ab44e2db676"],
          "failures": [],
          "pending": [],
          "skipped": [],
          "duration": 3585,
          "root": false,
          "rootEmpty": false,
          "_timeout": 2000
        }
      ],
      "passes": [],
      "failures": [],
      "pending": [],
      "skipped": [],
      "duration": 0,
      "root": true,
      "rootEmpty": true,
      "_timeout": 2000
    }
  ],
  "meta": {
    "mocha": {
      "version": "7.0.1"
    },
    "mochawesome": {
      "options": {
        "quiet": false,
        "reportFilename": "mochawesome-report",
        "saveHtml": false,
        "saveJson": true,
        "consoleReporter": "spec",
        "useInlineDiffs": false,
        "code": true
      },
      "version": "7.1.3"
    },
    "marge": {
      "options": {
        "reportDir": "cypress\\mochaReports\\.jsons",
        "overwrite": false,
        "saveJson": true,
        "html": false,
        "reportFilename": "mochawesome-report",
        "charts": true,
        "embeddedScreenshots": true,
        "inlineAssets": true,
        "saveAllAttempts": false,
        "json": true
      },
      "version": "6.2.0"
    }
  }
}
